Performing C SOURCE FILE Test HAVE_STRUCT_STAT_ST_MTIM failed with the following output:
Change Dir: /Users/riku/workplace/note-/vendor/bundle/ruby/2.5.0/gems/rugged-0.27.2/vendor/libgit2/build/CMakeFiles/CMakeTmp

Run Build Command:"/usr/bin/make" "cmTC_57ddd/fast"
/Library/Developer/CommandLineTools/usr/bin/make -f CMakeFiles/cmTC_57ddd.dir/build.make CMakeFiles/cmTC_57ddd.dir/build
Building C object CMakeFiles/cmTC_57ddd.dir/src.c.o
/Library/Developer/CommandLineTools/usr/bin/cc   -fPIC -DHAVE_STRUCT_STAT_ST_MTIM   -o CMakeFiles/cmTC_57ddd.dir/src.c.o   -c /Users/riku/workplace/note-/vendor/bundle/ruby/2.5.0/gems/rugged-0.27.2/vendor/libgit2/build/CMakeFiles/CMakeTmp/src.c
/Users/riku/workplace/note-/vendor/bundle/ruby/2.5.0/gems/rugged-0.27.2/vendor/libgit2/build/CMakeFiles/CMakeTmp/src.c:7:37: error: no member named 'st_mtim' in 'struct stat'
   (void)sizeof(((struct stat *)0)->st_mtim);
                ~~~~~~~~~~~~~~~~~~  ^
1 error generated.
make[1]: *** [CMakeFiles/cmTC_57ddd.dir/src.c.o] Error 1
make: *** [cmTC_57ddd/fast] Error 2

Source file was:

#include <sys/types.h>
#include <sys/stat.h>

int main()
{
   (void)sizeof(((struct stat *)0)->st_mtim);
   return 0;
}

Performing C SOURCE FILE Test HAVE_STRUCT_STAT_MTIME_NSEC failed with the following output:
Change Dir: /Users/riku/workplace/note-/vendor/bundle/ruby/2.5.0/gems/rugged-0.27.2/vendor/libgit2/build/CMakeFiles/CMakeTmp

Run Build Command:"/usr/bin/make" "cmTC_3650b/fast"
/Library/Developer/CommandLineTools/usr/bin/make -f CMakeFiles/cmTC_3650b.dir/build.make CMakeFiles/cmTC_3650b.dir/build
Building C object CMakeFiles/cmTC_3650b.dir/src.c.o
/Library/Developer/CommandLineTools/usr/bin/cc   -fPIC -DHAVE_STRUCT_STAT_MTIME_NSEC   -o CMakeFiles/cmTC_3650b.dir/src.c.o   -c /Users/riku/workplace/note-/vendor/bundle/ruby/2.5.0/gems/rugged-0.27.2/vendor/libgit2/build/CMakeFiles/CMakeTmp/src.c
/Users/riku/workplace/note-/vendor/bundle/ruby/2.5.0/gems/rugged-0.27.2/vendor/libgit2/build/CMakeFiles/CMakeTmp/src.c:6:37: error: no member named 'st_mtime_nsec' in 'struct stat'; did you mean 'st_mtimespec'?
   (void)sizeof(((struct stat *)0)->st_mtime_nsec);
                                    ^~~~~~~~~~~~~
                                    st_mtimespec
/usr/include/sys/stat.h:182:13: note: 'st_mtimespec' declared here
struct stat __DARWIN_STRUCT_STAT64;
            ^
/usr/include/sys/stat.h:166:2: note: expanded from macro '__DARWIN_STRUCT_STAT64'
        __DARWIN_STRUCT_STAT64_TIMES \
        ^
/usr/include/sys/stat.h:130:18: note: expanded from macro '__DARWIN_STRUCT_STAT64_TIMES'
        struct timespec st_mtimespec;           /* time of last data modification */ \
                        ^
1 error generated.
make[1]: *** [CMakeFiles/cmTC_3650b.dir/src.c.o] Error 1
make: *** [cmTC_3650b/fast] Error 2

Source file was:

#include <sys/stat.h>

int main()
{
   (void)sizeof(((struct stat *)0)->st_mtime_nsec);
   return 0;
}

Determining if the function qsort_s exists failed with the following output:
Change Dir: /Users/riku/workplace/note-/vendor/bundle/ruby/2.5.0/gems/rugged-0.27.2/vendor/libgit2/build/CMakeFiles/CMakeTmp

Run Build Command:"/usr/bin/make" "cmTC_c99d4/fast"
/Library/Developer/CommandLineTools/usr/bin/make -f CMakeFiles/cmTC_c99d4.dir/build.make CMakeFiles/cmTC_c99d4.dir/build
Building C object CMakeFiles/cmTC_c99d4.dir/CheckFunctionExists.c.o
/Library/Developer/CommandLineTools/usr/bin/cc   -D_GNU_SOURCE -fPIC -Wall -Wextra -Wdocumentation -Wno-missing-field-initializers -Wstrict-aliasing -Wstrict-prototypes -Wdeclaration-after-statement -Wshift-count-overflow -Wno-unused-const-variable -Wno-unused-function -Wno-deprecated-declarations -DCHECK_FUNCTION_EXISTS=qsort_s   -o CMakeFiles/cmTC_c99d4.dir/CheckFunctionExists.c.o   -c /usr/local/Cellar/cmake/3.11.4/share/cmake/Modules/CheckFunctionExists.c
Linking C executable cmTC_c99d4
/usr/local/Cellar/cmake/3.11.4/bin/cmake -E cmake_link_script CMakeFiles/cmTC_c99d4.dir/link.txt --verbose=1
/Library/Developer/CommandLineTools/usr/bin/cc -D_GNU_SOURCE -fPIC -Wall -Wextra -Wdocumentation -Wno-missing-field-initializers -Wstrict-aliasing -Wstrict-prototypes -Wdeclaration-after-statement -Wshift-count-overflow -Wno-unused-const-variable -Wno-unused-function -Wno-deprecated-declarations -DCHECK_FUNCTION_EXISTS=qsort_s -Wl,-search_paths_first -Wl,-headerpad_max_install_names   CMakeFiles/cmTC_c99d4.dir/CheckFunctionExists.c.o  -o cmTC_c99d4 
Undefined symbols for architecture x86_64:
  "_qsort_s", referenced from:
      _main in CheckFunctionExists.c.o
ld: symbol(s) not found for architecture x86_64
clang: error: linker command failed with exit code 1 (use -v to see invocation)
make[1]: *** [cmTC_c99d4] Error 1
make: *** [cmTC_c99d4/fast] Error 2


Determining if the function clock_gettime exists in the rt failed with the following output:
Change Dir: /Users/riku/workplace/note-/vendor/bundle/ruby/2.5.0/gems/rugged-0.27.2/vendor/libgit2/build/CMakeFiles/CMakeTmp

Run Build Command:"/usr/bin/make" "cmTC_f64a5/fast"
/Library/Developer/CommandLineTools/usr/bin/make -f CMakeFiles/cmTC_f64a5.dir/build.make CMakeFiles/cmTC_f64a5.dir/build
Building C object CMakeFiles/cmTC_f64a5.dir/CheckFunctionExists.c.o
/Library/Developer/CommandLineTools/usr/bin/cc   -D_GNU_SOURCE -fPIC -Wall -Wextra -Wdocumentation -Wno-missing-field-initializers -Wstrict-aliasing -Wstrict-prototypes -Wdeclaration-after-statement -Wshift-count-overflow -Wno-unused-const-variable -Wno-unused-function -Wno-deprecated-declarations -DCHECK_FUNCTION_EXISTS=clock_gettime   -o CMakeFiles/cmTC_f64a5.dir/CheckFunctionExists.c.o   -c /usr/local/Cellar/cmake/3.11.4/share/cmake/Modules/CheckFunctionExists.c
Linking C executable cmTC_f64a5
/usr/local/Cellar/cmake/3.11.4/bin/cmake -E cmake_link_script CMakeFiles/cmTC_f64a5.dir/link.txt --verbose=1
/Library/Developer/CommandLineTools/usr/bin/cc -D_GNU_SOURCE -fPIC -Wall -Wextra -Wdocumentation -Wno-missing-field-initializers -Wstrict-aliasing -Wstrict-prototypes -Wdeclaration-after-statement -Wshift-count-overflow -Wno-unused-const-variable -Wno-unused-function -Wno-deprecated-declarations -DCHECK_FUNCTION_EXISTS=clock_gettime -Wl,-search_paths_first -Wl,-headerpad_max_install_names   CMakeFiles/cmTC_f64a5.dir/CheckFunctionExists.c.o  -o cmTC_f64a5  -L/Users/riku/workplace/note-/vendor/bundle/ruby/2.5.0/gems/rugged-0.27.2/vendor/libgit2/build/CMakeFiles/CMakeTmp/time.h -Wl,-rpath,/Users/riku/workplace/note-/vendor/bundle/ruby/2.5.0/gems/rugged-0.27.2/vendor/libgit2/build/CMakeFiles/CMakeTmp/time.h -lrt 
ld: warning: directory not found for option '-L/Users/riku/workplace/note-/vendor/bundle/ruby/2.5.0/gems/rugged-0.27.2/vendor/libgit2/build/CMakeFiles/CMakeTmp/time.h'
ld: library not found for -lrt
clang: error: linker command failed with exit code 1 (use -v to see invocation)
make[1]: *** [cmTC_f64a5] Error 1
make: *** [cmTC_f64a5/fast] Error 2


